# JRE version: OpenJDK Runtime Environment (11.0.13) (build 11.0.13+0-b1751.21-8125866)
# Java VM: OpenJDK 64-Bit Server VM (11.0.13+0-b1751.21-8125866, mixed mode, tiered, compressed oops, g1 gc, windows-amd64)
Heap:
 garbage-first heap   total 238592K, used 163271K [0x0000000080000000, 0x0000000100000000)
  region size 1024K, 12 young (12288K), 6 survivors (6144K)
 Metaspace       used 104454K, capacity 107109K, committed 107264K, reserved 1142784K
  class space    used 13301K, capacity 14232K, committed 14336K, reserved 1048576K
GC Heap History (20 events):
Event: 28.749 GC heap before
{Heap before GC invocations=65 (full 0):
 garbage-first heap   total 198656K, used 158414K [0x0000000080000000, 0x0000000100000000)
  region size 1024K, 54 young (55296K), 7 survivors (7168K)
 Metaspace       used 77896K, capacity 79757K, committed 80000K, reserved 1118208K
  class space    used 10061K, capacity 10755K, committed 10880K, reserved 1048576K
}
Event: 28.766 GC heap after
{Heap after GC invocations=66 (full 0):
 garbage-first heap   total 198656K, used 113275K [0x0000000080000000, 0x0000000100000000)
  region size 1024K, 7 young (7168K), 7 survivors (7168K)
 Metaspace       used 77896K, capacity 79757K, committed 80000K, reserved 1118208K
  class space    used 10061K, capacity 10755K, committed 10880K, reserved 1048576K
}
Event: 28.830 GC heap before
{Heap before GC invocations=66 (full 0):
 garbage-first heap   total 198656K, used 115323K [0x0000000080000000, 0x0000000100000000)
  region size 1024K, 10 young (10240K), 7 survivors (7168K)
 Metaspace       used 78309K, capacity 80173K, committed 80512K, reserved 1118208K
  class space    used 10109K, capacity 10787K, committed 10880K, reserved 1048576K
}
Event: 28.842 GC heap after
{Heap after GC invocations=67 (full 0):
 garbage-first heap   total 238592K, used 113464K [0x0000000080000000, 0x0000000100000000)
  region size 1024K, 4 young (4096K), 4 survivors (4096K)
 Metaspace       used 78309K, capacity 80173K, committed 80512K, reserved 1118208K
  class space    used 10109K, capacity 10787K, committed 10880K, reserved 1048576K
}
Event: 30.176 GC heap before
{Heap before GC invocations=68 (full 0):
 garbage-first heap   total 238592K, used 195384K [0x0000000080000000, 0x0000000100000000)
  region size 1024K, 67 young (68608K), 4 survivors (4096K)
 Metaspace       used 81007K, capacity 83137K, committed 83200K, reserved 1122304K
  class space    used 10484K, capacity 11207K, committed 11264K, reserved 1048576K
}
Event: 30.190 GC heap after
{Heap after GC invocations=69 (full 0):
 garbage-first heap   total 238592K, used 138690K [0x0000000080000000, 0x0000000100000000)
  region size 1024K, 9 young (9216K), 9 survivors (9216K)
 Metaspace       used 81007K, capacity 83137K, committed 83200K, reserved 1122304K
  class space    used 10484K, capacity 11207K, committed 11264K, reserved 1048576K
}
Event: 30.618 GC heap before
{Heap before GC invocations=69 (full 0):
 garbage-first heap   total 238592K, used 197058K [0x0000000080000000, 0x0000000100000000)
  region size 1024K, 66 young (67584K), 9 survivors (9216K)
 Metaspace       used 83003K, capacity 85105K, committed 85248K, reserved 1122304K
  class space    used 10759K, capacity 11517K, committed 11520K, reserved 1048576K
}
Event: 30.631 GC heap after
{Heap after GC invocations=70 (full 0):
 garbage-first heap   total 238592K, used 141327K [0x0000000080000000, 0x0000000100000000)
  region size 1024K, 3 young (3072K), 3 survivors (3072K)
 Metaspace       used 83003K, capacity 85105K, committed 85248K, reserved 1122304K
  class space    used 10759K, capacity 11517K, committed 11520K, reserved 1048576K
}
Event: 31.624 GC heap before
{Heap before GC invocations=71 (full 0):
 garbage-first heap   total 238592K, used 198671K [0x0000000080000000, 0x0000000100000000)
  region size 1024K, 59 young (60416K), 3 survivors (3072K)
 Metaspace       used 88022K, capacity 90211K, committed 90496K, reserved 1128448K
  class space    used 11363K, capacity 12129K, committed 12160K, reserved 1048576K
}
Event: 31.632 GC heap after
{Heap after GC invocations=72 (full 0):
 garbage-first heap   total 238592K, used 141807K [0x0000000080000000, 0x0000000100000000)
  region size 1024K, 3 young (3072K), 3 survivors (3072K)
 Metaspace       used 88022K, capacity 90211K, committed 90496K, reserved 1128448K
  class space    used 11363K, capacity 12129K, committed 12160K, reserved 1048576K
}
Event: 33.106 GC heap before
{Heap before GC invocations=72 (full 0):
 garbage-first heap   total 238592K, used 201199K [0x0000000080000000, 0x0000000100000000)
  region size 1024K, 61 young (62464K), 3 survivors (3072K)
 Metaspace       used 94187K, capacity 96503K, committed 96768K, reserved 1132544K
  class space    used 12193K, capacity 13034K, committed 13056K, reserved 1048576K
}
Event: 33.119 GC heap after
{Heap after GC invocations=73 (full 0):
 garbage-first heap   total 238592K, used 145546K [0x0000000080000000, 0x0000000100000000)
  region size 1024K, 7 young (7168K), 7 survivors (7168K)
 Metaspace       used 94187K, capacity 96503K, committed 96768K, reserved 1132544K
  class space    used 12193K, capacity 13034K, committed 13056K, reserved 1048576K
}
Event: 34.943 GC heap before
{Heap before GC invocations=74 (full 0):
 garbage-first heap   total 238592K, used 201866K [0x0000000080000000, 0x0000000100000000)
  region size 1024K, 63 young (64512K), 7 survivors (7168K)
 Metaspace       used 96647K, capacity 98983K, committed 99072K, reserved 1134592K
  class space    used 12412K, capacity 13250K, committed 13312K, reserved 1048576K
}
Event: 34.970 GC heap after
{Heap after GC invocations=75 (full 0):
 garbage-first heap   total 238592K, used 149783K [0x0000000080000000, 0x0000000100000000)
  region size 1024K, 8 young (8192K), 8 survivors (8192K)
 Metaspace       used 96647K, capacity 98983K, committed 99072K, reserved 1134592K
  class space    used 12412K, capacity 13250K, committed 13312K, reserved 1048576K
}
Event: 36.237 GC heap before
{Heap before GC invocations=75 (full 0):
 garbage-first heap   total 238592K, used 202007K [0x0000000080000000, 0x0000000100000000)
  region size 1024K, 59 young (60416K), 8 survivors (8192K)
 Metaspace       used 98199K, capacity 100577K, committed 100736K, reserved 1136640K
  class space    used 12547K, capacity 13414K, committed 13440K, reserved 1048576K
}
Event: 36.265 GC heap after
{Heap after GC invocations=76 (full 0):
 garbage-first heap   total 238592K, used 153398K [0x0000000080000000, 0x0000000100000000)
  region size 1024K, 4 young (4096K), 4 survivors (4096K)
 Metaspace       used 98199K, capacity 100577K, committed 100736K, reserved 1136640K
  class space    used 12547K, capacity 13414K, committed 13440K, reserved 1048576K
}
Event: 37.279 GC heap before
{Heap before GC invocations=77 (full 0):
 garbage-first heap   total 238592K, used 202550K [0x0000000080000000, 0x0000000100000000)
  region size 1024K, 52 young (53248K), 4 survivors (4096K)
 Metaspace       used 101302K, capacity 103696K, committed 104064K, reserved 1138688K
  class space    used 12952K, capacity 13834K, committed 13952K, reserved 1048576K
}
Event: 37.293 GC heap after
{Heap after GC invocations=78 (full 0):
 garbage-first heap   total 238592K, used 154548K [0x0000000080000000, 0x0000000100000000)
  region size 1024K, 5 young (5120K), 5 survivors (5120K)
 Metaspace       used 101302K, capacity 103696K, committed 104064K, reserved 1138688K
  class space    used 12952K, capacity 13834K, committed 13952K, reserved 1048576K
}
Event: 38.584 GC heap before
{Heap before GC invocations=78 (full 0):
 garbage-first heap   total 238592K, used 202676K [0x0000000080000000, 0x0000000100000000)
  region size 1024K, 53 young (54272K), 5 survivors (5120K)
 Metaspace       used 104186K, capacity 106707K, committed 106880K, reserved 1142784K
  class space    used 13275K, capacity 14208K, committed 14208K, reserved 1048576K
}
Event: 38.605 GC heap after
{Heap after GC invocations=79 (full 0):
 garbage-first heap   total 238592K, used 158151K [0x0000000080000000, 0x0000000100000000)
  region size 1024K, 6 young (6144K), 6 survivors (6144K)
 Metaspace       used 104186K, capacity 106707K, committed 106880K, reserved 1142784K
  class space    used 13275K, capacity 14208K, committed 14208K, reserved 1048576K
}

